<?xml version="1.0" encoding="UTF-8"?>
<!-- Generated by org.testng.reporters.JUnitXMLReporter -->
<testsuite ignored="0" hostname="OPTIMUSPRIME" failures="0" tests="3" name="Default test" time="63.708" errors="0" timestamp="2023-07-03T20:06:50 IST">
  <testcase classname="RegisterDemoMavenProject.RegisterDemoTestNG" name="NavigateToResgisterDemo" time="5.469"/>
  <testcase classname="RegisterDemoMavenProject.RegisterDemoTestNG" name="registerUser" time="15.017"/>
  <testcase classname="RegisterDemoMavenProject.RegisterDemoTestNG" name="validatingSuccessfulMsg" time="0.085"/>
</testsuite> <!-- Default test -->
