<?xml version="1.0" encoding="UTF-8"?>
<!-- Generated by org.testng.reporters.JUnitXMLReporter -->
<testsuite ignored="0" hostname="OPTIMUSPRIME" failures="0" tests="3" name="Default test" time="15.531" errors="0" timestamp="2023-06-20T16:30:59 IST">
  <testcase classname="com.NxtgenAI.Pages.Register_User" name="lunchApplication" time="9.557"/>
  <testcase classname="com.NxtgenAI.Pages.Register_User" name="registerUser" time="5.624"/>
  <testcase classname="com.NxtgenAI.Pages.Register_User" name="closeApplication" time="0.227"/>
</testsuite> <!-- Default test -->
