<?xml version="1.0" encoding="UTF-8"?>
<!-- Generated by org.testng.reporters.JUnitXMLReporter -->
<testsuite ignored="0" hostname="OPTIMUSPRIME" failures="0" tests="3" name="RegistrationDemoTestCase" time="30.657" errors="0" timestamp="2023-07-03T20:09:15 IST">
  <testcase classname="RegisterDemoMavenProject.RegisterDemoTestNG" name="NavigateToResgisterDemo" time="2.901"/>
  <testcase classname="RegisterDemoMavenProject.RegisterDemoTestNG" name="registerUser" time="7.506"/>
  <testcase classname="RegisterDemoMavenProject.RegisterDemoTestNG" name="validatingSuccessfulMsg" time="0.117"/>
</testsuite> <!-- RegistrationDemoTestCase -->
