<?xml version="1.0" encoding="UTF-8"?>
<!-- Generated by org.testng.reporters.JUnitXMLReporter -->
<testsuite ignored="0" hostname="OPTIMUSPRIME" failures="0" tests="3" name="Chrome Browser" time="83.679" errors="0" timestamp="2023-07-07T14:54:16 IST">
  <testcase classname="com.TestNg_Methods.RegisterDemoTestNG" name="NavigateToResgisterDemo" time="6.087"/>
  <testcase classname="com.TestNg_Methods.RegisterDemoTestNG" name="registerUser" time="12.673"/>
  <testcase classname="com.TestNg_Methods.RegisterDemoTestNG" name="validatingSuccessfulMsg" time="0.08"/>
</testsuite> <!-- Chrome Browser -->
