<?xml version="1.0" encoding="UTF-8"?>
<!-- Generated by org.testng.reporters.JUnitXMLReporter -->
<testsuite ignored="0" hostname="OPTIMUSPRIME" failures="0" tests="3" name="FireFox Browser" time="123.176" errors="0" timestamp="2023-07-07T14:56:19 IST">
  <testcase classname="com.TestNg_Methods.RegisterDemoTestNG" name="NavigateToResgisterDemo" time="6.701"/>
  <testcase classname="com.TestNg_Methods.RegisterDemoTestNG" name="registerUser" time="19.489"/>
  <testcase classname="com.TestNg_Methods.RegisterDemoTestNG" name="validatingSuccessfulMsg" time="0.075"/>
</testsuite> <!-- FireFox Browser -->
