<?xml version="1.0" encoding="UTF-8"?>
<!-- Generated by org.testng.reporters.JUnitXMLReporter -->
<testsuite ignored="0" hostname="OPTIMUSPRIME" failures="0" tests="9" name="MultiThreadingTestCase" time="0.198" errors="0" timestamp="2023-07-07T15:07:30 IST">
  <testcase classname="com.TestNg_Methods.SampleThread_Program" name="testCase1" time="0.02"/>
  <testcase classname="com.TestNg_Methods.SampleThread_Program" name="testCase7" time="0.009"/>
  <testcase classname="com.TestNg_Methods.SampleThread_Program" name="testCase8" time="0.003"/>
  <testcase classname="com.TestNg_Methods.SampleThread_Program" name="testCase3" time="0.008"/>
  <testcase classname="com.TestNg_Methods.SampleThread_Program" name="testCase4" time="0.004"/>
  <testcase classname="com.TestNg_Methods.SampleThread_Program" name="testCase6" time="0.025"/>
  <testcase classname="com.TestNg_Methods.SampleThread_Program" name="myTestCase9" time="0.017"/>
  <testcase classname="com.TestNg_Methods.SampleThread_Program" name="testCase2" time="0.015"/>
  <testcase classname="com.TestNg_Methods.SampleThread_Program" name="testCase5" time="0.031"/>
</testsuite> <!-- MultiThreadingTestCase -->
