<?xml version="1.0" encoding="UTF-8"?>
<!-- Generated by org.testng.reporters.JUnitXMLReporter -->
<testsuite ignored="10" hostname="OPTIMUSPRIME" failures="0" tests="3" name="NxtGenAIModules" time="1.556" errors="0" timestamp="2023-07-07T15:09:59 IST">
  <testcase classname="com.TestNg_Methods.NxtGenAi_Suite" name="navigateToRegisterDemo" time="0.684"/>
  <testcase classname="com.TestNg_Methods.NxtGenAi_Suite" name="registerForDomo" time="0.475"/>
  <testcase classname="com.TestNg_Methods.NxtGenAi_Suite" name="navigateToPythonForDataScience" time="0.252"/>
  <testcase classname="com.TestNg_Methods.NxtGenAi_Suite" name="handelAlertPopUp" time="0.0">
    <ignored/>
  </testcase> <!-- handelAlertPopUp -->
  <testcase classname="com.TestNg_Methods.NxtGenAi_Suite" name="handelPromptPopUp" time="0.0">
    <ignored/>
  </testcase> <!-- handelPromptPopUp -->
  <testcase classname="com.TestNg_Methods.NxtGenAi_Suite" name="handleNewMessageWindow" time="0.0">
    <ignored/>
  </testcase> <!-- handleNewMessageWindow -->
  <testcase classname="com.TestNg_Methods.NxtGenAi_Suite" name="navigateToAUtomationTable" time="0.0">
    <ignored/>
  </testcase> <!-- navigateToAUtomationTable -->
  <testcase classname="com.TestNg_Methods.NxtGenAi_Suite" name="handelNewTab" time="0.0">
    <ignored/>
  </testcase> <!-- handelNewTab -->
  <testcase classname="com.TestNg_Methods.NxtGenAi_Suite" name="navigateToAutomationWindow" time="0.0">
    <ignored/>
  </testcase> <!-- navigateToAutomationWindow -->
  <testcase classname="com.TestNg_Methods.NxtGenAi_Suite" name="handelNewBrowserWindow" time="0.0">
    <ignored/>
  </testcase> <!-- handelNewBrowserWindow -->
  <testcase classname="com.TestNg_Methods.NxtGenAi_Suite" name="extractEmployeeDetails" time="0.0">
    <ignored/>
  </testcase> <!-- extractEmployeeDetails -->
  <testcase classname="com.TestNg_Methods.NxtGenAi_Suite" name="navigateToAutomationAlertPopUp" time="0.0">
    <ignored/>
  </testcase> <!-- navigateToAutomationAlertPopUp -->
  <testcase classname="com.TestNg_Methods.NxtGenAi_Suite" name="handleConfirmAlertPopUp" time="0.0">
    <ignored/>
  </testcase> <!-- handleConfirmAlertPopUp -->
</testsuite> <!-- NxtGenAIModules -->
