<?xml version="1.0" encoding="UTF-8"?>
<!-- Generated by org.testng.reporters.JUnitXMLReporter -->
<testsuite ignored="0" hostname="OPTIMUSPRIME" failures="0" tests="3" name="RegisterDemoTestCases" time="29.951" errors="0" timestamp="2023-06-20T18:29:49 IST">
  <testcase classname="com.NxtgenAI.TestCases.Register_User" name="lunchApplication" time="17.609"/>
  <testcase classname="com.NxtgenAI.TestCases.Register_User" name="registerUser" time="11.931"/>
  <testcase classname="com.NxtgenAI.TestCases.Register_User" name="closeApplication" time="0.295"/>
</testsuite> <!-- RegisterDemoTestCases -->
